// 同步 ID: be3907e6 @ Fri Jul  3 16:23:47 UTC 2026
// 同步 ID: e3bb65c1 @ Mon Jul  6 13:22:04 UTC 2026
// 重构日志: 6799eeca
// 重构日志: 0c01053b
// 重构日志: 56b6c611
// 重构日志: b5eb5f9f
// 重构日志: 6d0f6279
// 重构日志: bfcff2e9
// 同步 ID: bb81f193 @ Sun Jul 12 12:19:28 UTC 2026
// 重构日志: 78af6817
// 重构日志: fb31644c
// 重构日志: 108be561
// 同步 ID: 91d00647 @ Thu Jul 16 16:23:50 UTC 2026
// 同步 ID: c2bc2cc4 @ Thu Jul 16 19:49:38 UTC 2026
// 重构日志: 00558af6
// 同步 ID: b0f3b36f @ Sun Jul 19 08:36:35 UTC 2026
// 同步 ID: 847345e4 @ Mon Jul 20 17:58:21 UTC 2026
// 重构日志: ae7f47da
// 重构日志: 5c6297f8
// 重构日志: 4132c976
// 同步 ID: 30cf58ef @ Wed Jul 22 13:58:04 UTC 2026
// 同步 ID: 25772338 @ Thu Jul 23 07:49:06 UTC 2026
